ERROR - 2022-06-19 18:48:10 --> You have an error in your SQL syntax; check the manual that corresponds to your MySQL server version for the right syntax to use near '' at line 1
ERROR - 2022-06-19 18:48:41 --> You have an error in your SQL syntax; check the manual that corresponds to your MySQL server version for the right syntax to use near '' at line 1
CRITICAL - 2022-06-19 18:57:48 --> Invalid file: Home/index.php
in SYSTEMPATH\Exceptions\FrameworkException.php on line 33.
 1 SYSTEMPATH\View\View.php(201): CodeIgniter\Exceptions\FrameworkException::forInvalidFile('Home/index.php')
 2 SYSTEMPATH\Common.php(1135): CodeIgniter\View\View->render('Home/index', [], true)
 3 APPPATH\Controllers\Home.php(14): view('Home/index', [...])
 4 SYSTEMPATH\CodeIgniter.php(896): App\Controllers\Home->index()
 5 SYSTEMPATH\CodeIgniter.php(466): CodeIgniter\CodeIgniter->runController(Object(App\Controllers\Home))
 6 SYSTEMPATH\CodeIgniter.php(349): CodeIgniter\CodeIgniter->handleRequest(null, Object(Config\Cache), false)
 7 FCPATH\index.php(55): CodeIgniter\CodeIgniter->run()
 8 SYSTEMPATH\Commands\Server\rewrite.php(43): require_once('FCPATH\\index.php')
ERROR - 2022-06-19 19:18:34 --> You have an error in your SQL syntax; check the manual that corresponds to your MySQL server version for the right syntax to use near '' at line 1
CRITICAL - 2022-06-19 19:18:34 --> You have an error in your SQL syntax; check the manual that corresponds to your MySQL server version for the right syntax to use near '' at line 1
in SYSTEMPATH\Database\MySQLi\Connection.php on line 292.
 1 SYSTEMPATH\Database\MySQLi\Connection.php(292): mysqli->query('SHOW TABLES FROM ', 0)
 2 SYSTEMPATH\Database\BaseConnection.php(695): CodeIgniter\Database\MySQLi\Connection->execute('SHOW TABLES FROM ')
 3 SYSTEMPATH\Database\BaseConnection.php(609): CodeIgniter\Database\BaseConnection->simpleQuery('SHOW TABLES FROM ')
 4 SYSTEMPATH\Database\BaseConnection.php(1372): CodeIgniter\Database\BaseConnection->query('SHOW TABLES FROM ')
 5 SYSTEMPATH\Database\BaseConnection.php(1403): CodeIgniter\Database\BaseConnection->listTables()
 6 SYSTEMPATH\Database\MigrationRunner.php(759): CodeIgniter\Database\BaseConnection->tableExists('migrations')
 7 SYSTEMPATH\Database\MigrationRunner.php(639): CodeIgniter\Database\MigrationRunner->ensureTable()
 8 SYSTEMPATH\Commands\Database\MigrateStatus.php(112): CodeIgniter\Database\MigrationRunner->getHistory('ROOTPATH\\public')
 9 SYSTEMPATH\CLI\Commands.php(63): CodeIgniter\Commands\Database\MigrateStatus->run([])
10 SYSTEMPATH\CLI\CommandRunner.php(65): CodeIgniter\CLI\Commands->run('migrate:status', [])
11 SYSTEMPATH\CLI\CommandRunner.php(51): CodeIgniter\CLI\CommandRunner->index([])
12 SYSTEMPATH\CodeIgniter.php(889): CodeIgniter\CLI\CommandRunner->_remap('index', [...])
13 SYSTEMPATH\CodeIgniter.php(466): CodeIgniter\CodeIgniter->runController(Object(CodeIgniter\CLI\CommandRunner))
14 SYSTEMPATH\CodeIgniter.php(345): CodeIgniter\CodeIgniter->handleRequest(null, Object(Config\Cache), false)
15 SYSTEMPATH\CLI\Console.php(48): CodeIgniter\CodeIgniter->run()
16 ROOTPATH\spark(86): CodeIgniter\CLI\Console->run()
ERROR - 2022-06-19 19:19:24 --> You have an error in your SQL syntax; check the manual that corresponds to your MySQL server version for the right syntax to use near '' at line 1
